mode: set
gmail2telegram/src/gmail.go:36.80,38.16 2 0
gmail2telegram/src/gmail.go:38.16,40.3 1 0
gmail2telegram/src/gmail.go:42.2,43.16 2 0
gmail2telegram/src/gmail.go:43.16,45.3 1 0
gmail2telegram/src/gmail.go:48.2,51.16 3 0
gmail2telegram/src/gmail.go:51.16,53.17 2 0
gmail2telegram/src/gmail.go:53.17,55.4 1 0
gmail2telegram/src/gmail.go:57.3,58.17 2 0
gmail2telegram/src/gmail.go:58.17,60.4 1 0
gmail2telegram/src/gmail.go:63.2,66.16 3 0
gmail2telegram/src/gmail.go:66.16,68.3 1 0
gmail2telegram/src/gmail.go:70.2,77.16 3 0
gmail2telegram/src/gmail.go:77.16,79.3 1 0
gmail2telegram/src/gmail.go:81.2,85.16 4 0
gmail2telegram/src/gmail.go:88.76,91.16 2 0
gmail2telegram/src/gmail.go:91.16,93.3 1 0
gmail2telegram/src/gmail.go:95.2,95.38 1 0
gmail2telegram/src/gmail.go:95.38,96.50 1 0
gmail2telegram/src/gmail.go:96.50,98.4 1 0
gmail2telegram/src/gmail.go:102.2,107.16 3 0
gmail2telegram/src/gmail.go:107.16,109.3 1 0
gmail2telegram/src/gmail.go:111.2,111.24 1 0
gmail2telegram/src/gmail.go:114.78,116.2 1 1
gmail2telegram/src/gmail.go:118.83,122.41 2 0
gmail2telegram/src/gmail.go:122.41,124.51 2 0
gmail2telegram/src/gmail.go:124.51,126.4 1 0
gmail2telegram/src/gmail.go:128.3,128.61 1 0
gmail2telegram/src/gmail.go:131.2,134.16 3 0
gmail2telegram/src/gmail.go:134.16,136.3 1 0
gmail2telegram/src/gmail.go:138.2,142.40 3 0
gmail2telegram/src/gmail.go:142.40,144.17 2 0
gmail2telegram/src/gmail.go:144.17,147.12 2 0
gmail2telegram/src/gmail.go:151.3,153.50 2 0
gmail2telegram/src/gmail.go:153.50,154.23 1 0
gmail2telegram/src/gmail.go:155.19,156.27 1 0
gmail2telegram/src/gmail.go:157.16,158.24 1 0
gmail2telegram/src/gmail.go:162.3,165.17 3 0
gmail2telegram/src/gmail.go:165.17,168.12 2 0
gmail2telegram/src/gmail.go:171.3,171.40 1 0
gmail2telegram/src/gmail.go:171.40,175.4 2 0
gmail2telegram/src/gmail.go:175.9,177.4 1 0
gmail2telegram/src/gmail.go:180.2,182.20 2 0
gmail2telegram/src/gmail.go:185.84,187.2 1 1
gmail2telegram/src/gmail.go:189.89,195.16 3 0
gmail2telegram/src/gmail.go:195.16,197.3 1 0
gmail2telegram/src/gmail.go:199.2,199.12 1 0
gmail2telegram/src/gmail.go:202.81,203.26 1 1
gmail2telegram/src/gmail.go:203.26,205.3 1 1
gmail2telegram/src/gmail.go:207.2,208.16 2 1
gmail2telegram/src/gmail.go:208.16,210.3 1 1
gmail2telegram/src/gmail.go:212.2,212.29 1 1
gmail2telegram/src/gmail.go:215.73,220.45 3 0
gmail2telegram/src/gmail.go:220.45,221.22 1 0
gmail2telegram/src/gmail.go:222.18,223.33 1 0
gmail2telegram/src/gmail.go:224.15,225.30 1 0
gmail2telegram/src/gmail.go:226.15,227.30 1 0
gmail2telegram/src/gmail.go:232.2,232.30 1 0
gmail2telegram/src/gmail.go:232.30,233.34 1 0
gmail2telegram/src/gmail.go:233.34,235.4 1 0
gmail2telegram/src/gmail.go:237.3,238.17 2 0
gmail2telegram/src/gmail.go:238.17,240.4 1 0
gmail2telegram/src/gmail.go:242.3,244.21 2 0
gmail2telegram/src/gmail.go:248.2,248.41 1 0
gmail2telegram/src/gmail.go:248.41,249.68 1 0
gmail2telegram/src/gmail.go:249.68,250.12 1 0
gmail2telegram/src/gmail.go:253.3,254.17 2 0
gmail2telegram/src/gmail.go:254.17,256.4 1 0
gmail2telegram/src/gmail.go:258.3,258.20 1 0
gmail2telegram/src/gmail.go:258.20,261.9 2 0
gmail2telegram/src/gmail.go:265.2,265.26 1 0
gmail2telegram/src/gmail.go:265.26,267.3 1 0
gmail2telegram/src/gmail.go:269.2,269.20 1 0
gmail2telegram/src/gmail.go:272.62,274.104 1 1
gmail2telegram/src/gmail.go:274.104,278.3 2 1
gmail2telegram/src/gmail.go:281.2,281.64 1 1
gmail2telegram/src/gmail.go:281.64,282.79 1 1
gmail2telegram/src/gmail.go:282.79,286.4 2 1
gmail2telegram/src/gmail.go:290.2,290.64 1 1
gmail2telegram/src/gmail.go:290.64,291.79 1 1
gmail2telegram/src/gmail.go:291.79,295.4 2 1
gmail2telegram/src/gmail.go:298.2,300.14 2 1
gmail2telegram/src/gmail.go:303.56,305.16 2 0
gmail2telegram/src/gmail.go:305.16,307.3 1 0
gmail2telegram/src/gmail.go:309.2,314.17 4 0
gmail2telegram/src/gmail.go:317.68,328.74 3 0
gmail2telegram/src/gmail.go:328.74,329.39 1 0
gmail2telegram/src/gmail.go:329.39,333.5 2 0
gmail2telegram/src/gmail.go:335.4,336.18 2 0
gmail2telegram/src/gmail.go:336.18,340.5 2 0
gmail2telegram/src/gmail.go:343.4,348.101 4 0
gmail2telegram/src/gmail.go:348.101,350.5 1 0
gmail2telegram/src/gmail.go:355.2,355.12 1 0
gmail2telegram/src/gmail.go:355.12,356.66 1 0
gmail2telegram/src/gmail.go:356.66,358.4 1 0
gmail2telegram/src/gmail.go:362.2,370.16 5 0
gmail2telegram/src/gmail.go:370.16,372.3 1 0
gmail2telegram/src/gmail.go:374.2,374.17 1 0
gmail2telegram/src/gmail.go:377.56,379.16 2 0
gmail2telegram/src/gmail.go:379.16,381.3 1 0
gmail2telegram/src/gmail.go:383.2,385.41 2 0
gmail2telegram/src/main.go:40.47,42.16 2 1
gmail2telegram/src/main.go:42.16,44.3 1 0
gmail2telegram/src/main.go:46.2,47.54 2 1
gmail2telegram/src/main.go:47.54,49.3 1 0
gmail2telegram/src/main.go:51.2,51.21 1 1
gmail2telegram/src/main.go:60.9,67.16 4 1
gmail2telegram/src/main.go:67.16,69.3 1 0
gmail2telegram/src/main.go:72.2,75.16 3 1
gmail2telegram/src/main.go:75.16,77.3 1 0
gmail2telegram/src/main.go:79.2,85.16 4 1
gmail2telegram/src/main.go:85.16,87.3 1 0
gmail2telegram/src/main.go:89.2,91.12 2 1
gmail2telegram/src/main.go:100.3,101.31 1 1
gmail2telegram/src/main.go:101.31,105.17 3 1
gmail2telegram/src/main.go:105.17,108.12 2 0
gmail2telegram/src/main.go:111.3,111.73 1 1
gmail2telegram/src/main.go:121.3,126.16 3 1
gmail2telegram/src/main.go:126.16,128.3 1 0
gmail2telegram/src/main.go:128.8,128.30 1 1
gmail2telegram/src/main.go:128.30,131.3 2 1
gmail2telegram/src/main.go:134.2,137.6 3 1
gmail2telegram/src/main.go:137.6,138.10 1 1
gmail2telegram/src/main.go:139.21,142.10 2 1
gmail2telegram/src/main.go:144.19,148.18 3 1
gmail2telegram/src/main.go:148.18,151.13 2 0
gmail2telegram/src/main.go:154.4,154.25 1 1
gmail2telegram/src/main.go:154.25,157.5 2 0
gmail2telegram/src/main.go:162.98,167.16 3 0
gmail2telegram/src/main.go:167.16,169.3 1 0
gmail2telegram/src/main.go:171.2,177.16 4 0
gmail2telegram/src/main.go:177.16,179.3 1 0
gmail2telegram/src/main.go:181.2,187.16 4 0
gmail2telegram/src/main.go:187.16,189.3 1 0
gmail2telegram/src/main.go:191.2,193.58 2 0
gmail2telegram/src/main.go:196.13,206.16 7 0
gmail2telegram/src/main.go:206.16,208.3 1 0
gmail2telegram/src/main.go:210.2,214.16 3 0
gmail2telegram/src/main.go:214.16,216.3 1 0
gmail2telegram/src/main.go:218.2,222.20 3 0
gmail2telegram/src/main.go:222.20,227.3 3 0
gmail2telegram/src/main.go:229.2,233.16 3 0
gmail2telegram/src/main.go:233.16,237.3 2 0
gmail2telegram/src/main.go:240.2,252.10 8 0
gmail2telegram/src/telegram.go:19.59,20.36 1 1
gmail2telegram/src/telegram.go:20.36,22.3 1 1
gmail2telegram/src/telegram.go:24.2,30.8 1 1
gmail2telegram/src/telegram.go:37.9,42.27 4 1
gmail2telegram/src/telegram.go:42.27,45.3 2 0
gmail2telegram/src/telegram.go:45.8,47.3 1 1
gmail2telegram/src/telegram.go:50.2,50.23 1 1
gmail2telegram/src/telegram.go:50.23,51.65 1 1
gmail2telegram/src/telegram.go:51.65,53.4 1 1
gmail2telegram/src/telegram.go:57.2,57.20 1 1
gmail2telegram/src/telegram.go:57.20,59.3 1 1
gmail2telegram/src/telegram.go:61.2,61.67 1 1
gmail2telegram/src/telegram.go:64.85,66.16 2 1
gmail2telegram/src/telegram.go:66.16,68.3 1 0
gmail2telegram/src/telegram.go:70.2,80.16 8 1
gmail2telegram/src/telegram.go:80.16,82.3 1 0
gmail2telegram/src/telegram.go:84.2,85.16 2 1
gmail2telegram/src/telegram.go:85.16,87.3 1 0
gmail2telegram/src/telegram.go:88.2,90.38 2 1
gmail2telegram/src/telegram.go:90.38,92.3 1 1
gmail2telegram/src/telegram.go:94.2,94.12 1 1
gmail2telegram/src/translation.go:22.73,24.16 2 0
gmail2telegram/src/translation.go:24.16,26.3 1 0
gmail2telegram/src/translation.go:28.2,34.21 3 0
gmail2telegram/src/translation.go:37.38,38.21 1 0
gmail2telegram/src/translation.go:38.21,40.3 1 0
gmail2telegram/src/translation.go:43.90,45.2 1 1
gmail2telegram/src/translation.go:47.97,48.16 1 0
gmail2telegram/src/translation.go:48.16,50.3 1 0
gmail2telegram/src/translation.go:53.2,54.21 2 0
gmail2telegram/src/translation.go:54.21,56.3 1 0
gmail2telegram/src/translation.go:58.2,68.16 4 0
gmail2telegram/src/translation.go:68.16,70.3 1 0
gmail2telegram/src/translation.go:72.2,72.31 1 0
gmail2telegram/src/translation.go:72.31,74.3 1 0
gmail2telegram/src/translation.go:76.2,76.80 1 0
